{"/home/bruno/Desktop/private/typescript/mern-monorepo-starter/packages/mern-sample-app/lib-commons/src/config/Entity.config.ts": {"path":"/home/bruno/Desktop/private/typescript/mern-monorepo-starter/packages/mern-sample-app/lib-commons/src/config/Entity.config.ts","all":false,"statementMap":{"0":{"start":{"line":1,"column":0},"end":{"line":1,"column":42}},"1":{"start":{"line":2,"column":0},"end":{"line":2,"column":33}},"3":{"start":{"line":4,"column":0},"end":{"line":4,"column":35}},"4":{"start":{"line":5,"column":0},"end":{"line":5,"column":41}},"5":{"start":{"line":6,"column":0},"end":{"line":6,"column":35}},"7":{"start":{"line":8,"column":0},"end":{"line":8,"column":54}},"8":{"start":{"line":9,"column":0},"end":{"line":9,"column":15}},"9":{"start":{"line":10,"column":0},"end":{"line":10,"column":11}},"10":{"start":{"line":11,"column":0},"end":{"line":11,"column":47}},"11":{"start":{"line":12,"column":0},"end":{"line":12,"column":14}},"12":{"start":{"line":13,"column":0},"end":{"line":13,"column":53}},"13":{"start":{"line":14,"column":0},"end":{"line":14,"column":3}},"15":{"start":{"line":16,"column":0},"end":{"line":16,"column":10}},"16":{"start":{"line":17,"column":0},"end":{"line":17,"column":13}},"17":{"start":{"line":18,"column":0},"end":{"line":18,"column":28}},"18":{"start":{"line":19,"column":0},"end":{"line":19,"column":15}},"19":{"start":{"line":20,"column":0},"end":{"line":20,"column":6}},"20":{"start":{"line":21,"column":0},"end":{"line":21,"column":20}},"21":{"start":{"line":22,"column":0},"end":{"line":22,"column":1}}},"s":{"0":1,"1":1,"3":1,"4":1,"5":1,"7":1,"8":5,"9":5,"10":5,"11":5,"12":1,"13":1,"15":4,"16":4,"17":4,"18":4,"19":4,"20":4,"21":4},"branchMap":{"0":{"type":"branch","line":8,"loc":{"start":{"line":8,"column":7},"end":{"line":22,"column":1}},"locations":[{"start":{"line":8,"column":7},"end":{"line":22,"column":1}}]},"1":{"type":"branch","line":12,"loc":{"start":{"line":12,"column":13},"end":{"line":22,"column":1}},"locations":[{"start":{"line":12,"column":13},"end":{"line":22,"column":1}}]},"2":{"type":"branch","line":12,"loc":{"start":{"line":12,"column":13},"end":{"line":14,"column":3}},"locations":[{"start":{"line":12,"column":13},"end":{"line":14,"column":3}}]}},"b":{"0":[5],"1":[4],"2":[1]},"fnMap":{"0":{"name":"Entity","decl":{"start":{"line":8,"column":7},"end":{"line":22,"column":1}},"loc":{"start":{"line":8,"column":7},"end":{"line":22,"column":1}},"line":8}},"f":{"0":5}}
,"/home/bruno/Desktop/private/typescript/mern-monorepo-starter/packages/mern-sample-app/lib-commons/src/config/ResponseError.config.ts": {"path":"/home/bruno/Desktop/private/typescript/mern-monorepo-starter/packages/mern-sample-app/lib-commons/src/config/ResponseError.config.ts","all":false,"statementMap":{"0":{"start":{"line":1,"column":0},"end":{"line":1,"column":42}},"2":{"start":{"line":3,"column":0},"end":{"line":3,"column":67}},"4":{"start":{"line":5,"column":0},"end":{"line":5,"column":62}},"5":{"start":{"line":6,"column":0},"end":{"line":6,"column":17}},"6":{"start":{"line":7,"column":0},"end":{"line":7,"column":20}},"7":{"start":{"line":8,"column":0},"end":{"line":8,"column":32}},"8":{"start":{"line":9,"column":0},"end":{"line":9,"column":25}},"9":{"start":{"line":10,"column":0},"end":{"line":10,"column":40}},"10":{"start":{"line":11,"column":0},"end":{"line":11,"column":21}},"11":{"start":{"line":12,"column":0},"end":{"line":12,"column":35}},"13":{"start":{"line":14,"column":0},"end":{"line":14,"column":82}},"14":{"start":{"line":15,"column":0},"end":{"line":15,"column":1}}},"s":{"0":1,"2":1,"4":1,"5":2,"6":2,"7":1,"8":1,"9":1,"10":1,"11":1,"13":2,"14":2},"branchMap":{"0":{"type":"branch","line":5,"loc":{"start":{"line":5,"column":7},"end":{"line":15,"column":1}},"locations":[{"start":{"line":5,"column":7},"end":{"line":15,"column":1}}]},"1":{"type":"branch","line":7,"loc":{"start":{"line":7,"column":13},"end":{"line":8,"column":32}},"locations":[{"start":{"line":7,"column":13},"end":{"line":8,"column":32}}]},"2":{"type":"branch","line":8,"loc":{"start":{"line":8,"column":21},"end":{"line":9,"column":25}},"locations":[{"start":{"line":8,"column":21},"end":{"line":9,"column":25}}]},"3":{"type":"branch","line":9,"loc":{"start":{"line":9,"column":17},"end":{"line":10,"column":40}},"locations":[{"start":{"line":9,"column":17},"end":{"line":10,"column":40}}]},"4":{"type":"branch","line":10,"loc":{"start":{"line":10,"column":32},"end":{"line":11,"column":21}},"locations":[{"start":{"line":10,"column":32},"end":{"line":11,"column":21}}]},"5":{"type":"branch","line":11,"loc":{"start":{"line":11,"column":14},"end":{"line":12,"column":35}},"locations":[{"start":{"line":11,"column":14},"end":{"line":12,"column":35}}]},"6":{"type":"branch","line":14,"loc":{"start":{"line":14,"column":26},"end":{"line":14,"column":50}},"locations":[{"start":{"line":14,"column":26},"end":{"line":14,"column":50}}]},"7":{"type":"branch","line":14,"loc":{"start":{"line":14,"column":42},"end":{"line":14,"column":82}},"locations":[{"start":{"line":14,"column":42},"end":{"line":14,"column":82}}]}},"b":{"0":[2],"1":[1],"2":[1],"3":[1],"4":[1],"5":[1],"6":[1],"7":[1]},"fnMap":{"0":{"name":"getTypedError","decl":{"start":{"line":5,"column":7},"end":{"line":15,"column":1}},"loc":{"start":{"line":5,"column":7},"end":{"line":15,"column":1}},"line":5}},"f":{"0":2}}
,"/home/bruno/Desktop/private/typescript/mern-monorepo-starter/packages/mern-sample-app/lib-commons/src/config/Types.config.ts": {"path":"/home/bruno/Desktop/private/typescript/mern-monorepo-starter/packages/mern-sample-app/lib-commons/src/config/Types.config.ts","all":false,"statementMap":{"0":{"start":{"line":1,"column":0},"end":{"line":1,"column":20}},"7":{"start":{"line":8,"column":0},"end":{"line":8,"column":46}},"11":{"start":{"line":12,"column":0},"end":{"line":12,"column":43}},"13":{"start":{"line":14,"column":0},"end":{"line":14,"column":31}}},"s":{"0":1,"7":1,"11":1,"13":1},"branchMap":{},"b":{},"fnMap":{},"f":{}}
,"/home/bruno/Desktop/private/typescript/mern-monorepo-starter/packages/mern-sample-app/lib-commons/src/config/Zod.config.ts": {"path":"/home/bruno/Desktop/private/typescript/mern-monorepo-starter/packages/mern-sample-app/lib-commons/src/config/Zod.config.ts","all":false,"statementMap":{"0":{"start":{"line":1,"column":0},"end":{"line":1,"column":20}},"1":{"start":{"line":2,"column":0},"end":{"line":2,"column":60}},"2":{"start":{"line":3,"column":0},"end":{"line":3,"column":24}}},"s":{"0":1,"1":1,"2":1},"branchMap":{},"b":{},"fnMap":{},"f":{}}
,"/home/bruno/Desktop/private/typescript/mern-monorepo-starter/packages/mern-sample-app/lib-commons/src/domain/ErrorLog.ts": {"path":"/home/bruno/Desktop/private/typescript/mern-monorepo-starter/packages/mern-sample-app/lib-commons/src/domain/ErrorLog.ts","all":false,"statementMap":{"0":{"start":{"line":1,"column":0},"end":{"line":1,"column":49}},"1":{"start":{"line":2,"column":0},"end":{"line":2,"column":41}},"4":{"start":{"line":5,"column":0},"end":{"line":5,"column":44}},"5":{"start":{"line":6,"column":0},"end":{"line":6,"column":30}},"6":{"start":{"line":7,"column":0},"end":{"line":7,"column":17}},"7":{"start":{"line":8,"column":0},"end":{"line":8,"column":5}},"8":{"start":{"line":9,"column":0},"end":{"line":9,"column":31}},"9":{"start":{"line":10,"column":0},"end":{"line":10,"column":46}},"10":{"start":{"line":11,"column":0},"end":{"line":11,"column":5}},"11":{"start":{"line":12,"column":0},"end":{"line":12,"column":33}},"12":{"start":{"line":13,"column":0},"end":{"line":13,"column":40}},"13":{"start":{"line":14,"column":0},"end":{"line":14,"column":5}},"14":{"start":{"line":15,"column":0},"end":{"line":15,"column":3}}},"s":{"0":1,"1":1,"4":1,"5":1,"6":1,"7":1,"8":1,"9":1,"10":1,"11":1,"12":1,"13":1,"14":1},"branchMap":{},"b":{},"fnMap":{},"f":{}}
,"/home/bruno/Desktop/private/typescript/mern-monorepo-starter/packages/mern-sample-app/lib-commons/src/domain/User.ts": {"path":"/home/bruno/Desktop/private/typescript/mern-monorepo-starter/packages/mern-sample-app/lib-commons/src/domain/User.ts","all":false,"statementMap":{"0":{"start":{"line":1,"column":0},"end":{"line":1,"column":41}},"1":{"start":{"line":2,"column":0},"end":{"line":2,"column":41}},"4":{"start":{"line":5,"column":0},"end":{"line":5,"column":36}},"5":{"start":{"line":6,"column":0},"end":{"line":6,"column":56}},"6":{"start":{"line":7,"column":0},"end":{"line":7,"column":56}},"7":{"start":{"line":8,"column":0},"end":{"line":8,"column":70}},"8":{"start":{"line":9,"column":0},"end":{"line":9,"column":79}},"9":{"start":{"line":10,"column":0},"end":{"line":10,"column":36}},"10":{"start":{"line":11,"column":0},"end":{"line":11,"column":3}},"15":{"start":{"line":16,"column":0},"end":{"line":16,"column":40}},"16":{"start":{"line":17,"column":0},"end":{"line":17,"column":11}},"17":{"start":{"line":18,"column":0},"end":{"line":18,"column":27}},"18":{"start":{"line":19,"column":0},"end":{"line":19,"column":52}},"19":{"start":{"line":20,"column":0},"end":{"line":20,"column":56}},"20":{"start":{"line":21,"column":0},"end":{"line":21,"column":53}},"21":{"start":{"line":22,"column":0},"end":{"line":22,"column":45}},"22":{"start":{"line":23,"column":0},"end":{"line":23,"column":4}},"23":{"start":{"line":24,"column":0},"end":{"line":24,"column":35}},"26":{"start":{"line":27,"column":0},"end":{"line":27,"column":74}},"27":{"start":{"line":28,"column":0},"end":{"line":28,"column":41}},"28":{"start":{"line":29,"column":0},"end":{"line":29,"column":26}},"29":{"start":{"line":30,"column":0},"end":{"line":30,"column":4}},"30":{"start":{"line":31,"column":0},"end":{"line":31,"column":17}},"31":{"start":{"line":32,"column":0},"end":{"line":32,"column":78}},"32":{"start":{"line":33,"column":0},"end":{"line":33,"column":1}},"44":{"start":{"line":45,"column":0},"end":{"line":45,"column":65}},"49":{"start":{"line":50,"column":0},"end":{"line":50,"column":73}},"50":{"start":{"line":51,"column":0},"end":{"line":51,"column":38}},"51":{"start":{"line":52,"column":0},"end":{"line":52,"column":21}},"52":{"start":{"line":53,"column":0},"end":{"line":53,"column":61}},"54":{"start":{"line":55,"column":0},"end":{"line":55,"column":32}},"55":{"start":{"line":56,"column":0},"end":{"line":56,"column":5}},"56":{"start":{"line":57,"column":0},"end":{"line":57,"column":1}},"59":{"start":{"line":60,"column":0},"end":{"line":60,"column":43}},"60":{"start":{"line":61,"column":0},"end":{"line":61,"column":30}},"61":{"start":{"line":62,"column":0},"end":{"line":62,"column":38}},"62":{"start":{"line":63,"column":0},"end":{"line":63,"column":41}},"63":{"start":{"line":64,"column":0},"end":{"line":64,"column":33}},"64":{"start":{"line":65,"column":0},"end":{"line":65,"column":31}},"65":{"start":{"line":66,"column":0},"end":{"line":66,"column":3}}},"s":{"0":1,"1":1,"4":1,"5":1,"6":1,"7":1,"8":1,"9":1,"10":1,"15":1,"16":1,"17":1,"18":1,"19":1,"20":1,"21":1,"22":1,"23":1,"26":1,"27":2,"28":2,"29":2,"30":2,"31":2,"32":2,"44":1,"49":1,"50":1,"51":2,"52":2,"54":2,"55":1,"56":1,"59":1,"60":1,"61":1,"62":1,"63":1,"64":1,"65":1},"branchMap":{"0":{"type":"branch","line":27,"loc":{"start":{"line":27,"column":7},"end":{"line":33,"column":1}},"locations":[{"start":{"line":27,"column":7},"end":{"line":33,"column":1}}]},"1":{"type":"branch","line":50,"loc":{"start":{"line":50,"column":7},"end":{"line":57,"column":1}},"locations":[{"start":{"line":50,"column":7},"end":{"line":57,"column":1}}]},"2":{"type":"branch","line":51,"loc":{"start":{"line":51,"column":30},"end":{"line":56,"column":3}},"locations":[{"start":{"line":51,"column":30},"end":{"line":56,"column":3}}]}},"b":{"0":[2],"1":[1],"2":[2]},"fnMap":{"0":{"name":"PageableResponseDto","decl":{"start":{"line":27,"column":7},"end":{"line":33,"column":1}},"loc":{"start":{"line":27,"column":7},"end":{"line":33,"column":1}},"line":27},"1":{"name":"JsonQueryParam","decl":{"start":{"line":50,"column":7},"end":{"line":57,"column":1}},"loc":{"start":{"line":50,"column":7},"end":{"line":57,"column":1}},"line":50}},"f":{"0":2,"1":1}}
,"/home/bruno/Desktop/private/typescript/mern-monorepo-starter/packages/mern-sample-app/lib-commons/src/errors/ResponseError.ts": {"path":"/home/bruno/Desktop/private/typescript/mern-monorepo-starter/packages/mern-sample-app/lib-commons/src/errors/ResponseError.ts","all":false,"statementMap":{"0":{"start":{"line":1,"column":0},"end":{"line":1,"column":37}},"12":{"start":{"line":13,"column":0},"end":{"line":13,"column":42}},"16":{"start":{"line":17,"column":0},"end":{"line":17,"column":60}},"17":{"start":{"line":18,"column":0},"end":{"line":18,"column":43}},"18":{"start":{"line":19,"column":0},"end":{"line":19,"column":35}},"19":{"start":{"line":20,"column":0},"end":{"line":20,"column":56}},"20":{"start":{"line":21,"column":0},"end":{"line":21,"column":3}},"22":{"start":{"line":23,"column":0},"end":{"line":23,"column":86}},"23":{"start":{"line":24,"column":0},"end":{"line":24,"column":47}},"24":{"start":{"line":25,"column":0},"end":{"line":25,"column":42}},"25":{"start":{"line":26,"column":0},"end":{"line":26,"column":3}},"26":{"start":{"line":27,"column":0},"end":{"line":27,"column":1}}},"s":{"0":1,"12":1,"16":1,"17":2,"18":2,"19":2,"20":2,"22":1,"23":2,"24":2,"25":2,"26":1},"branchMap":{"0":{"type":"branch","line":17,"loc":{"start":{"line":17,"column":2},"end":{"line":21,"column":3}},"locations":[{"start":{"line":17,"column":2},"end":{"line":21,"column":3}}]},"1":{"type":"branch","line":23,"loc":{"start":{"line":23,"column":2},"end":{"line":26,"column":3}},"locations":[{"start":{"line":23,"column":2},"end":{"line":26,"column":3}}]}},"b":{"0":[2],"1":[2]},"fnMap":{"0":{"name":"ErrorResponse","decl":{"start":{"line":17,"column":2},"end":{"line":21,"column":3}},"loc":{"start":{"line":17,"column":2},"end":{"line":21,"column":3}},"line":17},"1":{"name":"#buildErrorLog","decl":{"start":{"line":23,"column":2},"end":{"line":26,"column":3}},"loc":{"start":{"line":23,"column":2},"end":{"line":26,"column":3}},"line":23}},"f":{"0":2,"1":2}}
}
